<?xml version="1.0" encoding="UTF-8"?>
<!-- Generated by org.testng.reporters.JUnitXMLReporter -->
<testsuite ignored="0" hostname="KrazY" failures="0" tests="3" name="Chrome Test" time="2.889" errors="0" timestamp="2023-08-21T21:05:40 IST">
  <testcase classname="com.practice.qa.tests.LoginTest" name="@BeforeMethod setup" time="0.04">
    <failure type="java.lang.NullPointerException" message="Cannot invoke &amp;quot;org.openqa.selenium.WebDriver.manage()&amp;quot; because &amp;quot;this.driver&amp;quot; is null">
      <![CDATA[java.lang.NullPointerException: Cannot invoke "org.openqa.selenium.WebDriver.manage()" because "this.driver" is null
at com.practice.qa.base.BaseClass.launchBrowserAndOpenApplication(BaseClass.java:36)
at com.practice.qa.tests.LoginTest.setup(LoginTest.java:28)
at java.base/java.util.ArrayList.forEach(ArrayList.java:1511)
at java.base/java.util.concurrent.FutureTask.run(FutureTask.java:264)
at java.base/java.util.concurrent.ThreadPoolExecutor.runWorker(ThreadPoolExecutor.java:1136)
at java.base/java.util.concurrent.ThreadPoolExecutor$Worker.run(ThreadPoolExecutor.java:635)
at java.base/java.lang.Thread.run(Thread.java:833)
... Removed 22 stack frames]]>
    </failure>
  </testcase> <!-- @BeforeMethod setup -->
  <testcase classname="com.practice.qa.tests.LoginTest" name="@BeforeMethod setup" time="0.058">
    <failure type="java.lang.NullPointerException" message="Cannot invoke &amp;quot;org.openqa.selenium.WebDriver.manage()&amp;quot; because &amp;quot;this.driver&amp;quot; is null">
      <![CDATA[java.lang.NullPointerException: Cannot invoke "org.openqa.selenium.WebDriver.manage()" because "this.driver" is null
at com.practice.qa.base.BaseClass.launchBrowserAndOpenApplication(BaseClass.java:36)
at com.practice.qa.tests.LoginTest.setup(LoginTest.java:28)
at java.base/java.util.ArrayList.forEach(ArrayList.java:1511)
at java.base/java.util.concurrent.FutureTask.run(FutureTask.java:264)
at java.base/java.util.concurrent.ThreadPoolExecutor.runWorker(ThreadPoolExecutor.java:1136)
at java.base/java.util.concurrent.ThreadPoolExecutor$Worker.run(ThreadPoolExecutor.java:635)
at java.base/java.lang.Thread.run(Thread.java:833)
... Removed 22 stack frames]]>
    </failure>
  </testcase> <!-- @BeforeMethod setup -->
  <testcase classname="com.practice.qa.tests.LoginTest" name="@AfterMethod turnDown" time="-1.692632137938E9">
    <skipped/>
  </testcase> <!-- @AfterMethod turnDown -->
  <testcase classname="com.practice.qa.tests.LoginTest" name="@AfterMethod turnDown" time="-1.692632138059E9">
    <skipped/>
  </testcase> <!-- @AfterMethod turnDown -->
  <testcase classname="com.practice.qa.tests.LoginTest" name="@BeforeMethod setup" time="-1.692632140302E9">
    <skipped/>
  </testcase> <!-- @BeforeMethod setup -->
  <testcase classname="com.practice.qa.tests.LoginTest" name="@BeforeMethod setup" time="-1.692632140301E9">
    <skipped/>
  </testcase> <!-- @BeforeMethod setup -->
  <testcase classname="com.practice.qa.tests.LoginTest" name="@AfterMethod turnDown" time="-1.69263214036E9">
    <skipped/>
  </testcase> <!-- @AfterMethod turnDown -->
  <testcase classname="com.practice.qa.tests.LoginTest" name="@BeforeMethod setup" time="-1.692632140377E9">
    <skipped/>
  </testcase> <!-- @BeforeMethod setup -->
  <testcase classname="com.practice.qa.tests.LoginTest" name="@AfterMethod turnDown" time="-1.692632140401E9">
    <skipped/>
  </testcase> <!-- @AfterMethod turnDown -->
  <testcase classname="com.practice.qa.tests.LoginTest" name="@BeforeMethod setup" time="-1.692632140406E9">
    <skipped/>
  </testcase> <!-- @BeforeMethod setup -->
  <testcase classname="com.practice.qa.tests.LoginTest" name="@AfterMethod turnDown" time="-1.692632140421E9">
    <skipped/>
  </testcase> <!-- @AfterMethod turnDown -->
  <testcase classname="com.practice.qa.tests.LoginTest" name="@AfterMethod turnDown" time="-1.692632140461E9">
    <skipped/>
  </testcase> <!-- @AfterMethod turnDown -->
  <testcase classname="com.practice.qa.tests.LoginTest" name="verifyLoginWithValidCredential" time="0.0">
    <skipped/>
  </testcase> <!-- verifyLoginWithValidCredential -->
  <testcase classname="com.practice.qa.tests.LoginTest" name="verifyLoginWithCredentials" time="0.0">
    <skipped/>
  </testcase> <!-- verifyLoginWithCredentials -->
  <testcase classname="com.practice.qa.tests.LoginTest" name="verifyLoginWithCredentials" time="0.0">
    <skipped/>
  </testcase> <!-- verifyLoginWithCredentials -->
</testsuite> <!-- Chrome Test -->
