<?xml version="1.0" encoding="UTF-8"?>
<!-- Generated by org.testng.reporters.JUnitXMLReporter -->
<testsuite ignored="0" hostname="KrazY" failures="0" tests="3" name="Test" time="2.548" errors="0" timestamp="2023-11-29T11:16:49 IST">
  <testcase classname="com.practice.qa.tests.LoginTest" name="@BeforeMethod setup" time="-1.701236807763E9">
    <failure type="org.testng.TestNGException" message="
Parameter &amp;apos;browser&amp;apos; is required by BeforeMethod on method setup but has not been marked @Optional or defined
in E:\eclipse-workspace\PracticeProject\src\test\resources\testng.xml">
      <![CDATA[org.testng.TestNGException: 
Parameter 'browser' is required by BeforeMethod on method setup but has not been marked @Optional or defined
in E:\eclipse-workspace\PracticeProject\src\test\resources\testng.xml
at java.base/java.util.ArrayList.forEach(ArrayList.java:1511)
... Removed 28 stack frames]]>
    </failure>
  </testcase> <!-- @BeforeMethod setup -->
  <testcase classname="com.practice.qa.tests.LoginTest" name="@AfterMethod turnDown" time="-1.701236807856E9">
    <skipped/>
  </testcase> <!-- @AfterMethod turnDown -->
  <testcase classname="com.practice.qa.tests.LoginTest" name="@BeforeMethod setup" time="-1.701236809372E9">
    <skipped/>
  </testcase> <!-- @BeforeMethod setup -->
  <testcase classname="com.practice.qa.tests.LoginTest" name="@AfterMethod turnDown" time="-1.701236809435E9">
    <skipped/>
  </testcase> <!-- @AfterMethod turnDown -->
  <testcase classname="com.practice.qa.tests.LoginTest" name="@BeforeMethod setup" time="-1.701236809443E9">
    <skipped/>
  </testcase> <!-- @BeforeMethod setup -->
  <testcase classname="com.practice.qa.tests.LoginTest" name="@AfterMethod turnDown" time="-1.701236809479E9">
    <skipped/>
  </testcase> <!-- @AfterMethod turnDown -->
  <testcase classname="com.practice.qa.tests.LoginTest" name="verifyLoginWithValidCredential" time="0.0">
    <skipped/>
  </testcase> <!-- verifyLoginWithValidCredential -->
  <testcase classname="com.practice.qa.tests.LoginTest" name="verifyLoginWithCredentials" time="0.0">
    <skipped/>
  </testcase> <!-- verifyLoginWithCredentials -->
  <testcase classname="com.practice.qa.tests.LoginTest" name="verifyLoginWithCredentials" time="0.0">
    <skipped/>
  </testcase> <!-- verifyLoginWithCredentials -->
</testsuite> <!-- Test -->
